QuestaSim vlog 10.6c Compiler 2017.07 Jul 25 2017
Start time: 16:56:26 on Oct 13,2025
vlog -sv "+acc" "+cover" "+fcover" -l async_fifo_top.log top.sv 
-- Compiling module two_ff_sync
-- Compiling module FIFO_memory
-- Compiling module rptr_empty
-- Compiling module wptr_full
-- Compiling module FIFO
-- Compiling interface async_fifo_interface
** Note: (vlog-2286) afifo_pkg.sv(1): Using implicit +incdir+/tools/mentor/questasim_10.6c/questasim/uvm-1.1d/../verilog_src/uvm-1.1d/src from import uvm_pkg
-- Compiling package async_fifo_pkg
-- Importing package mtiUvm.uvm_pkg (uvm-1.1d Built-in)
-- Compiling interface async_fifo_assertions
-- Compiling package top_sv_unit
-- Importing package mtiUvm.uvm_pkg (uvm-1.1d Built-in)
-- Importing package async_fifo_pkg
-- Compiling module top

Top level modules:
	top
End time: 16:56:27 on Oct 13,2025, Elapsed time: 0:00:01
Errors: 0, Warnings: 0
